interpretation( 5, [number = 1,seconds = 0], [
    function(a, [0]),
    function(b, [1]),
    function(c, [2]),
    function(d, [3]),
    function(e, [4]),
    relation(2years(_), [0,0,0,0,1]),
    relation(3years(_), [0,0,1,0,0]),
    relation(4years(_), [0,1,0,0,0]),
    relation(5years(_), [0,0,0,1,0]),
    relation(6years(_), [1,0,0,0,0]),
    relation(Andrew(_), [0,0,0,0,1]),
    relation(Ann(_), [0,0,1,0,0]),
    relation(Argentine(_), [0,0,0,0,1]),
    relation(Barry(_), [0,0,1,0,0]),
    relation(Chilean(_), [0,0,0,1,0]),
    relation(Daniel(_), [0,1,0,0,0]),
    relation(Donna(_), [0,1,0,0,0]),
    relation(Fettuccine(_), [0,0,0,1,0]),
    relation(French(_), [0,1,0,0,0]),
    relation(Italian(_), [1,0,0,0,0]),
    relation(Jerry(_), [1,0,0,0,0]),
    relation(Kristen(_), [1,0,0,0,0]),
    relation(Lasagne(_), [0,1,0,0,0]),
    relation(Laura(_), [0,0,0,1,0]),
    relation(Ravioli(_), [1,0,0,0,0]),
    relation(Rigatoni(_), [0,0,0,0,1]),
    relation(Rose(_), [0,0,0,0,1]),
    relation(Scott(_), [0,0,0,1,0]),
    relation(Spaghetti(_), [0,0,1,0,0]),
    relation(Spanish(_), [0,0,1,0,0]),
    relation(blue(_), [0,0,0,1,0]),
    relation(pink(_), [1,0,0,0,0]),
    relation(purple(_), [0,0,1,0,0]),
    relation(red(_), [0,0,0,0,1]),
    relation(white(_), [0,1,0,0,0]),
    relation(diferit(_,_), [
        0,1,1,1,1,
        1,0,1,1,1,
        1,1,0,1,1,
        1,1,1,0,1,
        1,1,1,1,0]),
    relation(undevaDreapta(_,_), [
        0,1,1,1,1,
        0,0,1,1,1,
        0,0,0,1,1,
        0,0,0,0,1,
        0,0,0,0,0]),
    relation(vecin(_,_), [
        0,1,0,0,0,
        1,0,1,0,0,
        0,1,0,1,0,
        0,0,1,0,1,
        0,0,0,1,0]),
    relation(vecinDreapta(_,_), [
        0,1,0,0,0,
        0,0,1,0,0,
        0,0,0,1,0,
        0,0,0,0,1,
        0,0,0,0,0])]).
