interpretation( 3, [number = 1,seconds = 0], [
    relation(A_Blue, [0]),
    relation(A_Green, [0]),
    relation(A_Red, [1]),
    relation(B_Blue, [0]),
    relation(B_Green, [1]),
    relation(B_Red, [0]),
    relation(C_Blue, [1]),
    relation(C_Green, [0]),
    relation(C_Red, [0]),
    relation(D_Blue, [0]),
    relation(D_Green, [0]),
    relation(D_Red, [1]),
    relation(E_Blue, [0]),
    relation(E_Green, [1]),
    relation(E_Red, [0]),
    relation(F_Blue, [1]),
    relation(F_Green, [0]),
    relation(F_Red, [0])]).
interpretation( 3, [number = 2,seconds = 0], [
    relation(A_Blue, [0]),
    relation(A_Green, [0]),
    relation(A_Red, [1]),
    relation(B_Blue, [1]),
    relation(B_Green, [0]),
    relation(B_Red, [0]),
    relation(C_Blue, [0]),
    relation(C_Green, [1]),
    relation(C_Red, [0]),
    relation(D_Blue, [0]),
    relation(D_Green, [0]),
    relation(D_Red, [1]),
    relation(E_Blue, [1]),
    relation(E_Green, [0]),
    relation(E_Red, [0]),
    relation(F_Blue, [0]),
    relation(F_Green, [1]),
    relation(F_Red, [0])]).
interpretation( 3, [number = 3,seconds = 0], [
    relation(A_Blue, [0]),
    relation(A_Green, [1]),
    relation(A_Red, [0]),
    relation(B_Blue, [0]),
    relation(B_Green, [0]),
    relation(B_Red, [1]),
    relation(C_Blue, [1]),
    relation(C_Green, [0]),
    relation(C_Red, [0]),
    relation(D_Blue, [0]),
    relation(D_Green, [1]),
    relation(D_Red, [0]),
    relation(E_Blue, [0]),
    relation(E_Green, [0]),
    relation(E_Red, [1]),
    relation(F_Blue, [1]),
    relation(F_Green, [0]),
    relation(F_Red, [0])]).
interpretation( 3, [number = 4,seconds = 0], [
    relation(A_Blue, [0]),
    relation(A_Green, [1]),
    relation(A_Red, [0]),
    relation(B_Blue, [1]),
    relation(B_Green, [0]),
    relation(B_Red, [0]),
    relation(C_Blue, [0]),
    relation(C_Green, [0]),
    relation(C_Red, [1]),
    relation(D_Blue, [0]),
    relation(D_Green, [1]),
    relation(D_Red, [0]),
    relation(E_Blue, [1]),
    relation(E_Green, [0]),
    relation(E_Red, [0]),
    relation(F_Blue, [0]),
    relation(F_Green, [0]),
    relation(F_Red, [1])]).
interpretation( 3, [number = 5,seconds = 0], [
    relation(A_Blue, [1]),
    relation(A_Green, [0]),
    relation(A_Red, [0]),
    relation(B_Blue, [0]),
    relation(B_Green, [0]),
    relation(B_Red, [1]),
    relation(C_Blue, [0]),
    relation(C_Green, [1]),
    relation(C_Red, [0]),
    relation(D_Blue, [1]),
    relation(D_Green, [0]),
    relation(D_Red, [0]),
    relation(E_Blue, [0]),
    relation(E_Green, [0]),
    relation(E_Red, [1]),
    relation(F_Blue, [0]),
    relation(F_Green, [1]),
    relation(F_Red, [0])]).
interpretation( 3, [number = 6,seconds = 0], [
    relation(A_Blue, [1]),
    relation(A_Green, [0]),
    relation(A_Red, [0]),
    relation(B_Blue, [0]),
    relation(B_Green, [1]),
    relation(B_Red, [0]),
    relation(C_Blue, [0]),
    relation(C_Green, [0]),
    relation(C_Red, [1]),
    relation(D_Blue, [1]),
    relation(D_Green, [0]),
    relation(D_Red, [0]),
    relation(E_Blue, [0]),
    relation(E_Green, [1]),
    relation(E_Red, [0]),
    relation(F_Blue, [0]),
    relation(F_Green, [0]),
    relation(F_Red, [1])]).
