interpretation( 2, [number = 1,seconds = 0], [
    relation(E1, [1]),
    relation(E2, [0]),
    relation(E3, [0]),
    relation(E4, [0]),
    relation(E5, [0]),
    relation(E6, [1]),
    relation(E7, [0]),
    relation(E8, [0]),
    relation(E9, [0]),
    relation(L1, [0]),
    relation(L2, [0]),
    relation(L3, [0]),
    relation(L4, [0]),
    relation(L5, [0]),
    relation(L6, [0]),
    relation(L7, [1]),
    relation(L8, [0]),
    relation(L9, [0]),
    relation(R1, [1]),
    relation(R2, [0]),
    relation(R3, [0]),
    relation(R4, [0]),
    relation(R5, [0]),
    relation(R6, [1]),
    relation(R7, [1]),
    relation(R8, [0]),
    relation(R9, [0]),
    relation(T1, [0]),
    relation(T2, [1]),
    relation(T3, [1]),
    relation(T4, [1]),
    relation(T5, [1]),
    relation(T6, [0]),
    relation(T7, [0]),
    relation(T8, [1]),
    relation(T9, [1])]).
interpretation( 2, [number = 2,seconds = 0], [
    relation(E1, [1]),
    relation(E2, [0]),
    relation(E3, [0]),
    relation(E4, [0]),
    relation(E5, [1]),
    relation(E6, [1]),
    relation(E7, [0]),
    relation(E8, [0]),
    relation(E9, [0]),
    relation(L1, [0]),
    relation(L2, [0]),
    relation(L3, [0]),
    relation(L4, [0]),
    relation(L5, [0]),
    relation(L6, [0]),
    relation(L7, [1]),
    relation(L8, [0]),
    relation(L9, [0]),
    relation(R1, [1]),
    relation(R2, [0]),
    relation(R3, [0]),
    relation(R4, [0]),
    relation(R5, [0]),
    relation(R6, [1]),
    relation(R7, [1]),
    relation(R8, [0]),
    relation(R9, [0]),
    relation(T1, [0]),
    relation(T2, [1]),
    relation(T3, [1]),
    relation(T4, [1]),
    relation(T5, [0]),
    relation(T6, [0]),
    relation(T7, [0]),
    relation(T8, [1]),
    relation(T9, [1])]).
interpretation( 2, [number = 3,seconds = 0], [
    relation(E1, [1]),
    relation(E2, [0]),
    relation(E3, [0]),
    relation(E4, [1]),
    relation(E5, [0]),
    relation(E6, [1]),
    relation(E7, [0]),
    relation(E8, [0]),
    relation(E9, [0]),
    relation(L1, [0]),
    relation(L2, [0]),
    relation(L3, [0]),
    relation(L4, [0]),
    relation(L5, [0]),
    relation(L6, [0]),
    relation(L7, [1]),
    relation(L8, [0]),
    relation(L9, [0]),
    relation(R1, [1]),
    relation(R2, [0]),
    relation(R3, [0]),
    relation(R4, [0]),
    relation(R5, [0]),
    relation(R6, [1]),
    relation(R7, [1]),
    relation(R8, [0]),
    relation(R9, [0]),
    relation(T1, [0]),
    relation(T2, [1]),
    relation(T3, [1]),
    relation(T4, [0]),
    relation(T5, [1]),
    relation(T6, [0]),
    relation(T7, [0]),
    relation(T8, [1]),
    relation(T9, [1])]).
interpretation( 2, [number = 4,seconds = 0], [
    relation(E1, [1]),
    relation(E2, [0]),
    relation(E3, [0]),
    relation(E4, [1]),
    relation(E5, [1]),
    relation(E6, [1]),
    relation(E7, [0]),
    relation(E8, [0]),
    relation(E9, [0]),
    relation(L1, [0]),
    relation(L2, [0]),
    relation(L3, [0]),
    relation(L4, [0]),
    relation(L5, [0]),
    relation(L6, [0]),
    relation(L7, [1]),
    relation(L8, [0]),
    relation(L9, [0]),
    relation(R1, [1]),
    relation(R2, [0]),
    relation(R3, [0]),
    relation(R4, [0]),
    relation(R5, [0]),
    relation(R6, [1]),
    relation(R7, [1]),
    relation(R8, [0]),
    relation(R9, [0]),
    relation(T1, [0]),
    relation(T2, [1]),
    relation(T3, [1]),
    relation(T4, [0]),
    relation(T5, [0]),
    relation(T6, [0]),
    relation(T7, [0]),
    relation(T8, [1]),
    relation(T9, [1])]).
interpretation( 2, [number = 5,seconds = 0], [
    relation(E1, [1]),
    relation(E2, [0]),
    relation(E3, [1]),
    relation(E4, [0]),
    relation(E5, [0]),
    relation(E6, [1]),
    relation(E7, [0]),
    relation(E8, [0]),
    relation(E9, [0]),
    relation(L1, [0]),
    relation(L2, [0]),
    relation(L3, [0]),
    relation(L4, [0]),
    relation(L5, [0]),
    relation(L6, [0]),
    relation(L7, [1]),
    relation(L8, [0]),
    relation(L9, [0]),
    relation(R1, [1]),
    relation(R2, [0]),
    relation(R3, [0]),
    relation(R4, [0]),
    relation(R5, [0]),
    relation(R6, [1]),
    relation(R7, [1]),
    relation(R8, [0]),
    relation(R9, [0]),
    relation(T1, [0]),
    relation(T2, [1]),
    relation(T3, [0]),
    relation(T4, [1]),
    relation(T5, [1]),
    relation(T6, [0]),
    relation(T7, [0]),
    relation(T8, [1]),
    relation(T9, [1])]).
interpretation( 2, [number = 6,seconds = 0], [
    relation(E1, [1]),
    relation(E2, [0]),
    relation(E3, [1]),
    relation(E4, [0]),
    relation(E5, [1]),
    relation(E6, [1]),
    relation(E7, [0]),
    relation(E8, [0]),
    relation(E9, [0]),
    relation(L1, [0]),
    relation(L2, [0]),
    relation(L3, [0]),
    relation(L4, [0]),
    relation(L5, [0]),
    relation(L6, [0]),
    relation(L7, [1]),
    relation(L8, [0]),
    relation(L9, [0]),
    relation(R1, [1]),
    relation(R2, [0]),
    relation(R3, [0]),
    relation(R4, [0]),
    relation(R5, [0]),
    relation(R6, [1]),
    relation(R7, [1]),
    relation(R8, [0]),
    relation(R9, [0]),
    relation(T1, [0]),
    relation(T2, [1]),
    relation(T3, [0]),
    relation(T4, [1]),
    relation(T5, [0]),
    relation(T6, [0]),
    relation(T7, [0]),
    relation(T8, [1]),
    relation(T9, [1])]).
interpretation( 2, [number = 7,seconds = 0], [
    relation(E1, [1]),
    relation(E2, [0]),
    relation(E3, [1]),
    relation(E4, [1]),
    relation(E5, [0]),
    relation(E6, [1]),
    relation(E7, [0]),
    relation(E8, [0]),
    relation(E9, [0]),
    relation(L1, [0]),
    relation(L2, [0]),
    relation(L3, [0]),
    relation(L4, [0]),
    relation(L5, [0]),
    relation(L6, [0]),
    relation(L7, [1]),
    relation(L8, [0]),
    relation(L9, [0]),
    relation(R1, [1]),
    relation(R2, [0]),
    relation(R3, [0]),
    relation(R4, [0]),
    relation(R5, [0]),
    relation(R6, [1]),
    relation(R7, [1]),
    relation(R8, [0]),
    relation(R9, [0]),
    relation(T1, [0]),
    relation(T2, [1]),
    relation(T3, [0]),
    relation(T4, [0]),
    relation(T5, [1]),
    relation(T6, [0]),
    relation(T7, [0]),
    relation(T8, [1]),
    relation(T9, [1])]).
interpretation( 2, [number = 8,seconds = 0], [
    relation(E1, [1]),
    relation(E2, [0]),
    relation(E3, [1]),
    relation(E4, [1]),
    relation(E5, [1]),
    relation(E6, [1]),
    relation(E7, [0]),
    relation(E8, [0]),
    relation(E9, [0]),
    relation(L1, [0]),
    relation(L2, [0]),
    relation(L3, [0]),
    relation(L4, [0]),
    relation(L5, [0]),
    relation(L6, [0]),
    relation(L7, [1]),
    relation(L8, [0]),
    relation(L9, [0]),
    relation(R1, [1]),
    relation(R2, [0]),
    relation(R3, [0]),
    relation(R4, [0]),
    relation(R5, [0]),
    relation(R6, [1]),
    relation(R7, [1]),
    relation(R8, [0]),
    relation(R9, [0]),
    relation(T1, [0]),
    relation(T2, [1]),
    relation(T3, [0]),
    relation(T4, [0]),
    relation(T5, [0]),
    relation(T6, [0]),
    relation(T7, [0]),
    relation(T8, [1]),
    relation(T9, [1])]).
