interpretation( 2, [number = 1,seconds = 0], [
    relation(E1, [0]),
    relation(E2, [0]),
    relation(E3, [1]),
    relation(E4, [0]),
    relation(E5, [0]),
    relation(E6, [0]),
    relation(E7, [0]),
    relation(E8, [1]),
    relation(E9, [1]),
    relation(L1, [1]),
    relation(L2, [0]),
    relation(L3, [0]),
    relation(L4, [0]),
    relation(L5, [0]),
    relation(L6, [0]),
    relation(L7, [0]),
    relation(L8, [0]),
    relation(L9, [0]),
    relation(R1, [1]),
    relation(R2, [0]),
    relation(R3, [1]),
    relation(R4, [0]),
    relation(R5, [0]),
    relation(R6, [0]),
    relation(R7, [0]),
    relation(R8, [0]),
    relation(R9, [0]),
    relation(T1, [0]),
    relation(T2, [1]),
    relation(T3, [0]),
    relation(T4, [1]),
    relation(T5, [1]),
    relation(T6, [1]),
    relation(T7, [1]),
    relation(T8, [0]),
    relation(T9, [0])]).
interpretation( 2, [number = 2,seconds = 0], [
    relation(E1, [0]),
    relation(E2, [0]),
    relation(E3, [1]),
    relation(E4, [0]),
    relation(E5, [0]),
    relation(E6, [0]),
    relation(E7, [1]),
    relation(E8, [1]),
    relation(E9, [1]),
    relation(L1, [1]),
    relation(L2, [0]),
    relation(L3, [0]),
    relation(L4, [0]),
    relation(L5, [0]),
    relation(L6, [0]),
    relation(L7, [0]),
    relation(L8, [0]),
    relation(L9, [0]),
    relation(R1, [1]),
    relation(R2, [0]),
    relation(R3, [1]),
    relation(R4, [0]),
    relation(R5, [0]),
    relation(R6, [0]),
    relation(R7, [0]),
    relation(R8, [0]),
    relation(R9, [0]),
    relation(T1, [0]),
    relation(T2, [1]),
    relation(T3, [0]),
    relation(T4, [1]),
    relation(T5, [1]),
    relation(T6, [1]),
    relation(T7, [0]),
    relation(T8, [0]),
    relation(T9, [0])]).
interpretation( 2, [number = 3,seconds = 0], [
    relation(E1, [0]),
    relation(E2, [0]),
    relation(E3, [1]),
    relation(E4, [0]),
    relation(E5, [0]),
    relation(E6, [1]),
    relation(E7, [0]),
    relation(E8, [1]),
    relation(E9, [1]),
    relation(L1, [1]),
    relation(L2, [0]),
    relation(L3, [0]),
    relation(L4, [0]),
    relation(L5, [0]),
    relation(L6, [0]),
    relation(L7, [0]),
    relation(L8, [0]),
    relation(L9, [0]),
    relation(R1, [1]),
    relation(R2, [0]),
    relation(R3, [1]),
    relation(R4, [0]),
    relation(R5, [0]),
    relation(R6, [0]),
    relation(R7, [0]),
    relation(R8, [0]),
    relation(R9, [0]),
    relation(T1, [0]),
    relation(T2, [1]),
    relation(T3, [0]),
    relation(T4, [1]),
    relation(T5, [1]),
    relation(T6, [0]),
    relation(T7, [1]),
    relation(T8, [0]),
    relation(T9, [0])]).
interpretation( 2, [number = 4,seconds = 0], [
    relation(E1, [0]),
    relation(E2, [0]),
    relation(E3, [1]),
    relation(E4, [0]),
    relation(E5, [0]),
    relation(E6, [1]),
    relation(E7, [1]),
    relation(E8, [1]),
    relation(E9, [1]),
    relation(L1, [1]),
    relation(L2, [0]),
    relation(L3, [0]),
    relation(L4, [0]),
    relation(L5, [0]),
    relation(L6, [0]),
    relation(L7, [0]),
    relation(L8, [0]),
    relation(L9, [0]),
    relation(R1, [1]),
    relation(R2, [0]),
    relation(R3, [1]),
    relation(R4, [0]),
    relation(R5, [0]),
    relation(R6, [0]),
    relation(R7, [0]),
    relation(R8, [0]),
    relation(R9, [0]),
    relation(T1, [0]),
    relation(T2, [1]),
    relation(T3, [0]),
    relation(T4, [1]),
    relation(T5, [1]),
    relation(T6, [0]),
    relation(T7, [0]),
    relation(T8, [0]),
    relation(T9, [0])]).
interpretation( 2, [number = 5,seconds = 0], [
    relation(E1, [0]),
    relation(E2, [0]),
    relation(E3, [1]),
    relation(E4, [0]),
    relation(E5, [1]),
    relation(E6, [0]),
    relation(E7, [0]),
    relation(E8, [1]),
    relation(E9, [1]),
    relation(L1, [1]),
    relation(L2, [0]),
    relation(L3, [0]),
    relation(L4, [0]),
    relation(L5, [0]),
    relation(L6, [0]),
    relation(L7, [0]),
    relation(L8, [0]),
    relation(L9, [0]),
    relation(R1, [1]),
    relation(R2, [0]),
    relation(R3, [1]),
    relation(R4, [0]),
    relation(R5, [0]),
    relation(R6, [0]),
    relation(R7, [0]),
    relation(R8, [0]),
    relation(R9, [0]),
    relation(T1, [0]),
    relation(T2, [1]),
    relation(T3, [0]),
    relation(T4, [1]),
    relation(T5, [0]),
    relation(T6, [1]),
    relation(T7, [1]),
    relation(T8, [0]),
    relation(T9, [0])]).
interpretation( 2, [number = 6,seconds = 0], [
    relation(E1, [0]),
    relation(E2, [0]),
    relation(E3, [1]),
    relation(E4, [0]),
    relation(E5, [1]),
    relation(E6, [0]),
    relation(E7, [1]),
    relation(E8, [1]),
    relation(E9, [1]),
    relation(L1, [0]),
    relation(L2, [0]),
    relation(L3, [0]),
    relation(L4, [1]),
    relation(L5, [0]),
    relation(L6, [0]),
    relation(L7, [0]),
    relation(L8, [0]),
    relation(L9, [0]),
    relation(R1, [0]),
    relation(R2, [0]),
    relation(R3, [1]),
    relation(R4, [1]),
    relation(R5, [1]),
    relation(R6, [0]),
    relation(R7, [1]),
    relation(R8, [0]),
    relation(R9, [0]),
    relation(T1, [1]),
    relation(T2, [1]),
    relation(T3, [0]),
    relation(T4, [0]),
    relation(T5, [0]),
    relation(T6, [1]),
    relation(T7, [0]),
    relation(T8, [0]),
    relation(T9, [0])]).
interpretation( 2, [number = 7,seconds = 0], [
    relation(E1, [0]),
    relation(E2, [0]),
    relation(E3, [1]),
    relation(E4, [0]),
    relation(E5, [1]),
    relation(E6, [0]),
    relation(E7, [1]),
    relation(E8, [1]),
    relation(E9, [1]),
    relation(L1, [1]),
    relation(L2, [0]),
    relation(L3, [0]),
    relation(L4, [0]),
    relation(L5, [0]),
    relation(L6, [0]),
    relation(L7, [0]),
    relation(L8, [0]),
    relation(L9, [0]),
    relation(R1, [1]),
    relation(R2, [0]),
    relation(R3, [1]),
    relation(R4, [0]),
    relation(R5, [0]),
    relation(R6, [0]),
    relation(R7, [0]),
    relation(R8, [0]),
    relation(R9, [0]),
    relation(T1, [0]),
    relation(T2, [1]),
    relation(T3, [0]),
    relation(T4, [1]),
    relation(T5, [0]),
    relation(T6, [1]),
    relation(T7, [0]),
    relation(T8, [0]),
    relation(T9, [0])]).
interpretation( 2, [number = 8,seconds = 0], [
    relation(E1, [0]),
    relation(E2, [0]),
    relation(E3, [1]),
    relation(E4, [0]),
    relation(E5, [1]),
    relation(E6, [1]),
    relation(E7, [0]),
    relation(E8, [1]),
    relation(E9, [1]),
    relation(L1, [1]),
    relation(L2, [0]),
    relation(L3, [0]),
    relation(L4, [0]),
    relation(L5, [0]),
    relation(L6, [0]),
    relation(L7, [0]),
    relation(L8, [0]),
    relation(L9, [0]),
    relation(R1, [1]),
    relation(R2, [0]),
    relation(R3, [1]),
    relation(R4, [0]),
    relation(R5, [0]),
    relation(R6, [0]),
    relation(R7, [0]),
    relation(R8, [0]),
    relation(R9, [0]),
    relation(T1, [0]),
    relation(T2, [1]),
    relation(T3, [0]),
    relation(T4, [1]),
    relation(T5, [0]),
    relation(T6, [0]),
    relation(T7, [1]),
    relation(T8, [0]),
    relation(T9, [0])]).
interpretation( 2, [number = 9,seconds = 0], [
    relation(E1, [0]),
    relation(E2, [0]),
    relation(E3, [1]),
    relation(E4, [0]),
    relation(E5, [1]),
    relation(E6, [1]),
    relation(E7, [1]),
    relation(E8, [1]),
    relation(E9, [1]),
    relation(L1, [0]),
    relation(L2, [0]),
    relation(L3, [0]),
    relation(L4, [1]),
    relation(L5, [0]),
    relation(L6, [0]),
    relation(L7, [0]),
    relation(L8, [0]),
    relation(L9, [0]),
    relation(R1, [0]),
    relation(R2, [0]),
    relation(R3, [1]),
    relation(R4, [1]),
    relation(R5, [1]),
    relation(R6, [0]),
    relation(R7, [1]),
    relation(R8, [0]),
    relation(R9, [0]),
    relation(T1, [1]),
    relation(T2, [1]),
    relation(T3, [0]),
    relation(T4, [0]),
    relation(T5, [0]),
    relation(T6, [0]),
    relation(T7, [0]),
    relation(T8, [0]),
    relation(T9, [0])]).
interpretation( 2, [number = 10,seconds = 0], [
    relation(E1, [0]),
    relation(E2, [0]),
    relation(E3, [1]),
    relation(E4, [0]),
    relation(E5, [1]),
    relation(E6, [1]),
    relation(E7, [1]),
    relation(E8, [1]),
    relation(E9, [1]),
    relation(L1, [1]),
    relation(L2, [0]),
    relation(L3, [0]),
    relation(L4, [0]),
    relation(L5, [0]),
    relation(L6, [0]),
    relation(L7, [0]),
    relation(L8, [0]),
    relation(L9, [0]),
    relation(R1, [1]),
    relation(R2, [0]),
    relation(R3, [1]),
    relation(R4, [0]),
    relation(R5, [0]),
    relation(R6, [0]),
    relation(R7, [0]),
    relation(R8, [0]),
    relation(R9, [0]),
    relation(T1, [0]),
    relation(T2, [1]),
    relation(T3, [0]),
    relation(T4, [1]),
    relation(T5, [0]),
    relation(T6, [0]),
    relation(T7, [0]),
    relation(T8, [0]),
    relation(T9, [0])]).
interpretation( 2, [number = 11,seconds = 0], [
    relation(E1, [0]),
    relation(E2, [0]),
    relation(E3, [1]),
    relation(E4, [1]),
    relation(E5, [0]),
    relation(E6, [0]),
    relation(E7, [0]),
    relation(E8, [1]),
    relation(E9, [1]),
    relation(L1, [1]),
    relation(L2, [0]),
    relation(L3, [0]),
    relation(L4, [0]),
    relation(L5, [0]),
    relation(L6, [0]),
    relation(L7, [0]),
    relation(L8, [0]),
    relation(L9, [0]),
    relation(R1, [1]),
    relation(R2, [0]),
    relation(R3, [1]),
    relation(R4, [0]),
    relation(R5, [0]),
    relation(R6, [0]),
    relation(R7, [0]),
    relation(R8, [0]),
    relation(R9, [0]),
    relation(T1, [0]),
    relation(T2, [1]),
    relation(T3, [0]),
    relation(T4, [0]),
    relation(T5, [1]),
    relation(T6, [1]),
    relation(T7, [1]),
    relation(T8, [0]),
    relation(T9, [0])]).
interpretation( 2, [number = 12,seconds = 0], [
    relation(E1, [0]),
    relation(E2, [0]),
    relation(E3, [1]),
    relation(E4, [1]),
    relation(E5, [0]),
    relation(E6, [0]),
    relation(E7, [1]),
    relation(E8, [1]),
    relation(E9, [1]),
    relation(L1, [1]),
    relation(L2, [0]),
    relation(L3, [0]),
    relation(L4, [0]),
    relation(L5, [0]),
    relation(L6, [0]),
    relation(L7, [0]),
    relation(L8, [0]),
    relation(L9, [0]),
    relation(R1, [1]),
    relation(R2, [0]),
    relation(R3, [1]),
    relation(R4, [0]),
    relation(R5, [0]),
    relation(R6, [0]),
    relation(R7, [0]),
    relation(R8, [0]),
    relation(R9, [0]),
    relation(T1, [0]),
    relation(T2, [1]),
    relation(T3, [0]),
    relation(T4, [0]),
    relation(T5, [1]),
    relation(T6, [1]),
    relation(T7, [0]),
    relation(T8, [0]),
    relation(T9, [0])]).
interpretation( 2, [number = 13,seconds = 0], [
    relation(E1, [0]),
    relation(E2, [0]),
    relation(E3, [1]),
    relation(E4, [1]),
    relation(E5, [0]),
    relation(E6, [1]),
    relation(E7, [0]),
    relation(E8, [1]),
    relation(E9, [1]),
    relation(L1, [1]),
    relation(L2, [0]),
    relation(L3, [0]),
    relation(L4, [0]),
    relation(L5, [0]),
    relation(L6, [0]),
    relation(L7, [0]),
    relation(L8, [0]),
    relation(L9, [0]),
    relation(R1, [1]),
    relation(R2, [0]),
    relation(R3, [1]),
    relation(R4, [0]),
    relation(R5, [0]),
    relation(R6, [0]),
    relation(R7, [0]),
    relation(R8, [0]),
    relation(R9, [0]),
    relation(T1, [0]),
    relation(T2, [1]),
    relation(T3, [0]),
    relation(T4, [0]),
    relation(T5, [1]),
    relation(T6, [0]),
    relation(T7, [1]),
    relation(T8, [0]),
    relation(T9, [0])]).
interpretation( 2, [number = 14,seconds = 0], [
    relation(E1, [0]),
    relation(E2, [0]),
    relation(E3, [1]),
    relation(E4, [1]),
    relation(E5, [0]),
    relation(E6, [1]),
    relation(E7, [1]),
    relation(E8, [1]),
    relation(E9, [1]),
    relation(L1, [1]),
    relation(L2, [0]),
    relation(L3, [0]),
    relation(L4, [0]),
    relation(L5, [0]),
    relation(L6, [0]),
    relation(L7, [0]),
    relation(L8, [0]),
    relation(L9, [0]),
    relation(R1, [1]),
    relation(R2, [0]),
    relation(R3, [1]),
    relation(R4, [0]),
    relation(R5, [0]),
    relation(R6, [0]),
    relation(R7, [0]),
    relation(R8, [0]),
    relation(R9, [0]),
    relation(T1, [0]),
    relation(T2, [1]),
    relation(T3, [0]),
    relation(T4, [0]),
    relation(T5, [1]),
    relation(T6, [0]),
    relation(T7, [0]),
    relation(T8, [0]),
    relation(T9, [0])]).
interpretation( 2, [number = 15,seconds = 0], [
    relation(E1, [0]),
    relation(E2, [0]),
    relation(E3, [1]),
    relation(E4, [1]),
    relation(E5, [1]),
    relation(E6, [0]),
    relation(E7, [0]),
    relation(E8, [1]),
    relation(E9, [1]),
    relation(L1, [1]),
    relation(L2, [0]),
    relation(L3, [0]),
    relation(L4, [0]),
    relation(L5, [0]),
    relation(L6, [0]),
    relation(L7, [0]),
    relation(L8, [0]),
    relation(L9, [0]),
    relation(R1, [1]),
    relation(R2, [0]),
    relation(R3, [1]),
    relation(R4, [0]),
    relation(R5, [0]),
    relation(R6, [0]),
    relation(R7, [0]),
    relation(R8, [0]),
    relation(R9, [0]),
    relation(T1, [0]),
    relation(T2, [1]),
    relation(T3, [0]),
    relation(T4, [0]),
    relation(T5, [0]),
    relation(T6, [1]),
    relation(T7, [1]),
    relation(T8, [0]),
    relation(T9, [0])]).
interpretation( 2, [number = 16,seconds = 0], [
    relation(E1, [0]),
    relation(E2, [0]),
    relation(E3, [1]),
    relation(E4, [1]),
    relation(E5, [1]),
    relation(E6, [0]),
    relation(E7, [1]),
    relation(E8, [1]),
    relation(E9, [1]),
    relation(L1, [1]),
    relation(L2, [0]),
    relation(L3, [0]),
    relation(L4, [0]),
    relation(L5, [0]),
    relation(L6, [0]),
    relation(L7, [0]),
    relation(L8, [0]),
    relation(L9, [0]),
    relation(R1, [1]),
    relation(R2, [0]),
    relation(R3, [1]),
    relation(R4, [0]),
    relation(R5, [0]),
    relation(R6, [0]),
    relation(R7, [0]),
    relation(R8, [0]),
    relation(R9, [0]),
    relation(T1, [0]),
    relation(T2, [1]),
    relation(T3, [0]),
    relation(T4, [0]),
    relation(T5, [0]),
    relation(T6, [1]),
    relation(T7, [0]),
    relation(T8, [0]),
    relation(T9, [0])]).
interpretation( 2, [number = 17,seconds = 0], [
    relation(E1, [0]),
    relation(E2, [0]),
    relation(E3, [1]),
    relation(E4, [1]),
    relation(E5, [1]),
    relation(E6, [1]),
    relation(E7, [0]),
    relation(E8, [1]),
    relation(E9, [1]),
    relation(L1, [1]),
    relation(L2, [0]),
    relation(L3, [0]),
    relation(L4, [0]),
    relation(L5, [0]),
    relation(L6, [0]),
    relation(L7, [0]),
    relation(L8, [0]),
    relation(L9, [0]),
    relation(R1, [1]),
    relation(R2, [0]),
    relation(R3, [1]),
    relation(R4, [0]),
    relation(R5, [0]),
    relation(R6, [0]),
    relation(R7, [0]),
    relation(R8, [0]),
    relation(R9, [0]),
    relation(T1, [0]),
    relation(T2, [1]),
    relation(T3, [0]),
    relation(T4, [0]),
    relation(T5, [0]),
    relation(T6, [0]),
    relation(T7, [1]),
    relation(T8, [0]),
    relation(T9, [0])]).
interpretation( 2, [number = 18,seconds = 0], [
    relation(E1, [0]),
    relation(E2, [0]),
    relation(E3, [1]),
    relation(E4, [1]),
    relation(E5, [1]),
    relation(E6, [1]),
    relation(E7, [1]),
    relation(E8, [1]),
    relation(E9, [1]),
    relation(L1, [1]),
    relation(L2, [0]),
    relation(L3, [0]),
    relation(L4, [0]),
    relation(L5, [0]),
    relation(L6, [0]),
    relation(L7, [0]),
    relation(L8, [0]),
    relation(L9, [0]),
    relation(R1, [1]),
    relation(R2, [0]),
    relation(R3, [1]),
    relation(R4, [0]),
    relation(R5, [0]),
    relation(R6, [0]),
    relation(R7, [0]),
    relation(R8, [0]),
    relation(R9, [0]),
    relation(T1, [0]),
    relation(T2, [1]),
    relation(T3, [0]),
    relation(T4, [0]),
    relation(T5, [0]),
    relation(T6, [0]),
    relation(T7, [0]),
    relation(T8, [0]),
    relation(T9, [0])]).
interpretation( 2, [number = 19,seconds = 0], [
    relation(E1, [0]),
    relation(E2, [1]),
    relation(E3, [1]),
    relation(E4, [0]),
    relation(E5, [1]),
    relation(E6, [0]),
    relation(E7, [0]),
    relation(E8, [1]),
    relation(E9, [1]),
    relation(L1, [1]),
    relation(L2, [0]),
    relation(L3, [0]),
    relation(L4, [0]),
    relation(L5, [0]),
    relation(L6, [0]),
    relation(L7, [0]),
    relation(L8, [0]),
    relation(L9, [0]),
    relation(R1, [1]),
    relation(R2, [1]),
    relation(R3, [1]),
    relation(R4, [0]),
    relation(R5, [1]),
    relation(R6, [0]),
    relation(R7, [0]),
    relation(R8, [0]),
    relation(R9, [0]),
    relation(T1, [0]),
    relation(T2, [0]),
    relation(T3, [0]),
    relation(T4, [1]),
    relation(T5, [0]),
    relation(T6, [1]),
    relation(T7, [1]),
    relation(T8, [0]),
    relation(T9, [0])]).
interpretation( 2, [number = 20,seconds = 0], [
    relation(E1, [0]),
    relation(E2, [1]),
    relation(E3, [1]),
    relation(E4, [0]),
    relation(E5, [1]),
    relation(E6, [0]),
    relation(E7, [1]),
    relation(E8, [1]),
    relation(E9, [1]),
    relation(L1, [0]),
    relation(L2, [0]),
    relation(L3, [0]),
    relation(L4, [1]),
    relation(L5, [0]),
    relation(L6, [0]),
    relation(L7, [0]),
    relation(L8, [0]),
    relation(L9, [0]),
    relation(R1, [0]),
    relation(R2, [1]),
    relation(R3, [1]),
    relation(R4, [1]),
    relation(R5, [1]),
    relation(R6, [0]),
    relation(R7, [1]),
    relation(R8, [0]),
    relation(R9, [0]),
    relation(T1, [1]),
    relation(T2, [0]),
    relation(T3, [0]),
    relation(T4, [0]),
    relation(T5, [0]),
    relation(T6, [1]),
    relation(T7, [0]),
    relation(T8, [0]),
    relation(T9, [0])]).
interpretation( 2, [number = 21,seconds = 0], [
    relation(E1, [0]),
    relation(E2, [1]),
    relation(E3, [1]),
    relation(E4, [0]),
    relation(E5, [1]),
    relation(E6, [0]),
    relation(E7, [1]),
    relation(E8, [1]),
    relation(E9, [1]),
    relation(L1, [1]),
    relation(L2, [0]),
    relation(L3, [0]),
    relation(L4, [0]),
    relation(L5, [0]),
    relation(L6, [0]),
    relation(L7, [0]),
    relation(L8, [0]),
    relation(L9, [0]),
    relation(R1, [1]),
    relation(R2, [1]),
    relation(R3, [1]),
    relation(R4, [0]),
    relation(R5, [1]),
    relation(R6, [0]),
    relation(R7, [0]),
    relation(R8, [0]),
    relation(R9, [0]),
    relation(T1, [0]),
    relation(T2, [0]),
    relation(T3, [0]),
    relation(T4, [1]),
    relation(T5, [0]),
    relation(T6, [1]),
    relation(T7, [0]),
    relation(T8, [0]),
    relation(T9, [0])]).
interpretation( 2, [number = 22,seconds = 0], [
    relation(E1, [0]),
    relation(E2, [1]),
    relation(E3, [1]),
    relation(E4, [0]),
    relation(E5, [1]),
    relation(E6, [1]),
    relation(E7, [0]),
    relation(E8, [1]),
    relation(E9, [1]),
    relation(L1, [1]),
    relation(L2, [0]),
    relation(L3, [0]),
    relation(L4, [0]),
    relation(L5, [0]),
    relation(L6, [0]),
    relation(L7, [0]),
    relation(L8, [0]),
    relation(L9, [0]),
    relation(R1, [1]),
    relation(R2, [1]),
    relation(R3, [1]),
    relation(R4, [0]),
    relation(R5, [1]),
    relation(R6, [0]),
    relation(R7, [0]),
    relation(R8, [0]),
    relation(R9, [0]),
    relation(T1, [0]),
    relation(T2, [0]),
    relation(T3, [0]),
    relation(T4, [1]),
    relation(T5, [0]),
    relation(T6, [0]),
    relation(T7, [1]),
    relation(T8, [0]),
    relation(T9, [0])]).
interpretation( 2, [number = 23,seconds = 0], [
    relation(E1, [0]),
    relation(E2, [1]),
    relation(E3, [1]),
    relation(E4, [0]),
    relation(E5, [1]),
    relation(E6, [1]),
    relation(E7, [1]),
    relation(E8, [1]),
    relation(E9, [1]),
    relation(L1, [0]),
    relation(L2, [0]),
    relation(L3, [0]),
    relation(L4, [1]),
    relation(L5, [0]),
    relation(L6, [0]),
    relation(L7, [0]),
    relation(L8, [0]),
    relation(L9, [0]),
    relation(R1, [0]),
    relation(R2, [1]),
    relation(R3, [1]),
    relation(R4, [1]),
    relation(R5, [1]),
    relation(R6, [0]),
    relation(R7, [1]),
    relation(R8, [0]),
    relation(R9, [0]),
    relation(T1, [1]),
    relation(T2, [0]),
    relation(T3, [0]),
    relation(T4, [0]),
    relation(T5, [0]),
    relation(T6, [0]),
    relation(T7, [0]),
    relation(T8, [0]),
    relation(T9, [0])]).
interpretation( 2, [number = 24,seconds = 0], [
    relation(E1, [0]),
    relation(E2, [1]),
    relation(E3, [1]),
    relation(E4, [0]),
    relation(E5, [1]),
    relation(E6, [1]),
    relation(E7, [1]),
    relation(E8, [1]),
    relation(E9, [1]),
    relation(L1, [1]),
    relation(L2, [0]),
    relation(L3, [0]),
    relation(L4, [0]),
    relation(L5, [0]),
    relation(L6, [0]),
    relation(L7, [0]),
    relation(L8, [0]),
    relation(L9, [0]),
    relation(R1, [1]),
    relation(R2, [1]),
    relation(R3, [1]),
    relation(R4, [0]),
    relation(R5, [1]),
    relation(R6, [0]),
    relation(R7, [0]),
    relation(R8, [0]),
    relation(R9, [0]),
    relation(T1, [0]),
    relation(T2, [0]),
    relation(T3, [0]),
    relation(T4, [1]),
    relation(T5, [0]),
    relation(T6, [0]),
    relation(T7, [0]),
    relation(T8, [0]),
    relation(T9, [0])]).
interpretation( 2, [number = 25,seconds = 0], [
    relation(E1, [0]),
    relation(E2, [1]),
    relation(E3, [1]),
    relation(E4, [1]),
    relation(E5, [1]),
    relation(E6, [0]),
    relation(E7, [0]),
    relation(E8, [1]),
    relation(E9, [1]),
    relation(L1, [1]),
    relation(L2, [0]),
    relation(L3, [0]),
    relation(L4, [0]),
    relation(L5, [0]),
    relation(L6, [0]),
    relation(L7, [0]),
    relation(L8, [0]),
    relation(L9, [0]),
    relation(R1, [1]),
    relation(R2, [1]),
    relation(R3, [1]),
    relation(R4, [0]),
    relation(R5, [1]),
    relation(R6, [0]),
    relation(R7, [0]),
    relation(R8, [0]),
    relation(R9, [0]),
    relation(T1, [0]),
    relation(T2, [0]),
    relation(T3, [0]),
    relation(T4, [0]),
    relation(T5, [0]),
    relation(T6, [1]),
    relation(T7, [1]),
    relation(T8, [0]),
    relation(T9, [0])]).
interpretation( 2, [number = 26,seconds = 0], [
    relation(E1, [0]),
    relation(E2, [1]),
    relation(E3, [1]),
    relation(E4, [1]),
    relation(E5, [1]),
    relation(E6, [0]),
    relation(E7, [1]),
    relation(E8, [1]),
    relation(E9, [1]),
    relation(L1, [1]),
    relation(L2, [0]),
    relation(L3, [0]),
    relation(L4, [0]),
    relation(L5, [0]),
    relation(L6, [0]),
    relation(L7, [0]),
    relation(L8, [0]),
    relation(L9, [0]),
    relation(R1, [1]),
    relation(R2, [1]),
    relation(R3, [1]),
    relation(R4, [0]),
    relation(R5, [1]),
    relation(R6, [0]),
    relation(R7, [0]),
    relation(R8, [0]),
    relation(R9, [0]),
    relation(T1, [0]),
    relation(T2, [0]),
    relation(T3, [0]),
    relation(T4, [0]),
    relation(T5, [0]),
    relation(T6, [1]),
    relation(T7, [0]),
    relation(T8, [0]),
    relation(T9, [0])]).
interpretation( 2, [number = 27,seconds = 0], [
    relation(E1, [0]),
    relation(E2, [1]),
    relation(E3, [1]),
    relation(E4, [1]),
    relation(E5, [1]),
    relation(E6, [1]),
    relation(E7, [0]),
    relation(E8, [1]),
    relation(E9, [1]),
    relation(L1, [1]),
    relation(L2, [0]),
    relation(L3, [0]),
    relation(L4, [0]),
    relation(L5, [0]),
    relation(L6, [0]),
    relation(L7, [0]),
    relation(L8, [0]),
    relation(L9, [0]),
    relation(R1, [1]),
    relation(R2, [1]),
    relation(R3, [1]),
    relation(R4, [0]),
    relation(R5, [1]),
    relation(R6, [0]),
    relation(R7, [0]),
    relation(R8, [0]),
    relation(R9, [0]),
    relation(T1, [0]),
    relation(T2, [0]),
    relation(T3, [0]),
    relation(T4, [0]),
    relation(T5, [0]),
    relation(T6, [0]),
    relation(T7, [1]),
    relation(T8, [0]),
    relation(T9, [0])]).
interpretation( 2, [number = 28,seconds = 0], [
    relation(E1, [1]),
    relation(E2, [0]),
    relation(E3, [0]),
    relation(E4, [0]),
    relation(E5, [0]),
    relation(E6, [1]),
    relation(E7, [0]),
    relation(E8, [1]),
    relation(E9, [0]),
    relation(L1, [0]),
    relation(L2, [0]),
    relation(L3, [0]),
    relation(L4, [0]),
    relation(L5, [0]),
    relation(L6, [0]),
    relation(L7, [1]),
    relation(L8, [0]),
    relation(L9, [0]),
    relation(R1, [1]),
    relation(R2, [0]),
    relation(R3, [0]),
    relation(R4, [0]),
    relation(R5, [0]),
    relation(R6, [1]),
    relation(R7, [1]),
    relation(R8, [0]),
    relation(R9, [0]),
    relation(T1, [0]),
    relation(T2, [1]),
    relation(T3, [1]),
    relation(T4, [1]),
    relation(T5, [1]),
    relation(T6, [0]),
    relation(T7, [0]),
    relation(T8, [0]),
    relation(T9, [1])]).
interpretation( 2, [number = 29,seconds = 0], [
    relation(E1, [1]),
    relation(E2, [0]),
    relation(E3, [0]),
    relation(E4, [0]),
    relation(E5, [0]),
    relation(E6, [1]),
    relation(E7, [0]),
    relation(E8, [1]),
    relation(E9, [1]),
    relation(L1, [0]),
    relation(L2, [0]),
    relation(L3, [0]),
    relation(L4, [0]),
    relation(L5, [0]),
    relation(L6, [0]),
    relation(L7, [1]),
    relation(L8, [0]),
    relation(L9, [0]),
    relation(R1, [1]),
    relation(R2, [0]),
    relation(R3, [0]),
    relation(R4, [0]),
    relation(R5, [0]),
    relation(R6, [1]),
    relation(R7, [1]),
    relation(R8, [0]),
    relation(R9, [0]),
    relation(T1, [0]),
    relation(T2, [1]),
    relation(T3, [1]),
    relation(T4, [1]),
    relation(T5, [1]),
    relation(T6, [0]),
    relation(T7, [0]),
    relation(T8, [0]),
    relation(T9, [0])]).
interpretation( 2, [number = 30,seconds = 0], [
    relation(E1, [1]),
    relation(E2, [0]),
    relation(E3, [0]),
    relation(E4, [0]),
    relation(E5, [1]),
    relation(E6, [1]),
    relation(E7, [0]),
    relation(E8, [1]),
    relation(E9, [0]),
    relation(L1, [0]),
    relation(L2, [0]),
    relation(L3, [0]),
    relation(L4, [0]),
    relation(L5, [0]),
    relation(L6, [0]),
    relation(L7, [1]),
    relation(L8, [0]),
    relation(L9, [0]),
    relation(R1, [1]),
    relation(R2, [0]),
    relation(R3, [0]),
    relation(R4, [0]),
    relation(R5, [0]),
    relation(R6, [1]),
    relation(R7, [1]),
    relation(R8, [0]),
    relation(R9, [0]),
    relation(T1, [0]),
    relation(T2, [1]),
    relation(T3, [1]),
    relation(T4, [1]),
    relation(T5, [0]),
    relation(T6, [0]),
    relation(T7, [0]),
    relation(T8, [0]),
    relation(T9, [1])]).
interpretation( 2, [number = 31,seconds = 0], [
    relation(E1, [1]),
    relation(E2, [0]),
    relation(E3, [0]),
    relation(E4, [0]),
    relation(E5, [1]),
    relation(E6, [1]),
    relation(E7, [0]),
    relation(E8, [1]),
    relation(E9, [1]),
    relation(L1, [0]),
    relation(L2, [0]),
    relation(L3, [0]),
    relation(L4, [0]),
    relation(L5, [0]),
    relation(L6, [0]),
    relation(L7, [1]),
    relation(L8, [0]),
    relation(L9, [0]),
    relation(R1, [1]),
    relation(R2, [0]),
    relation(R3, [0]),
    relation(R4, [0]),
    relation(R5, [0]),
    relation(R6, [1]),
    relation(R7, [1]),
    relation(R8, [0]),
    relation(R9, [0]),
    relation(T1, [0]),
    relation(T2, [1]),
    relation(T3, [1]),
    relation(T4, [1]),
    relation(T5, [0]),
    relation(T6, [0]),
    relation(T7, [0]),
    relation(T8, [0]),
    relation(T9, [0])]).
interpretation( 2, [number = 32,seconds = 0], [
    relation(E1, [1]),
    relation(E2, [0]),
    relation(E3, [0]),
    relation(E4, [1]),
    relation(E5, [0]),
    relation(E6, [1]),
    relation(E7, [0]),
    relation(E8, [1]),
    relation(E9, [0]),
    relation(L1, [0]),
    relation(L2, [0]),
    relation(L3, [0]),
    relation(L4, [0]),
    relation(L5, [0]),
    relation(L6, [0]),
    relation(L7, [1]),
    relation(L8, [0]),
    relation(L9, [0]),
    relation(R1, [1]),
    relation(R2, [0]),
    relation(R3, [0]),
    relation(R4, [0]),
    relation(R5, [0]),
    relation(R6, [1]),
    relation(R7, [1]),
    relation(R8, [0]),
    relation(R9, [0]),
    relation(T1, [0]),
    relation(T2, [1]),
    relation(T3, [1]),
    relation(T4, [0]),
    relation(T5, [1]),
    relation(T6, [0]),
    relation(T7, [0]),
    relation(T8, [0]),
    relation(T9, [1])]).
interpretation( 2, [number = 33,seconds = 0], [
    relation(E1, [1]),
    relation(E2, [0]),
    relation(E3, [0]),
    relation(E4, [1]),
    relation(E5, [0]),
    relation(E6, [1]),
    relation(E7, [0]),
    relation(E8, [1]),
    relation(E9, [1]),
    relation(L1, [0]),
    relation(L2, [0]),
    relation(L3, [0]),
    relation(L4, [0]),
    relation(L5, [0]),
    relation(L6, [0]),
    relation(L7, [1]),
    relation(L8, [0]),
    relation(L9, [0]),
    relation(R1, [1]),
    relation(R2, [0]),
    relation(R3, [0]),
    relation(R4, [0]),
    relation(R5, [0]),
    relation(R6, [1]),
    relation(R7, [1]),
    relation(R8, [0]),
    relation(R9, [0]),
    relation(T1, [0]),
    relation(T2, [1]),
    relation(T3, [1]),
    relation(T4, [0]),
    relation(T5, [1]),
    relation(T6, [0]),
    relation(T7, [0]),
    relation(T8, [0]),
    relation(T9, [0])]).
interpretation( 2, [number = 34,seconds = 0], [
    relation(E1, [1]),
    relation(E2, [0]),
    relation(E3, [0]),
    relation(E4, [1]),
    relation(E5, [1]),
    relation(E6, [1]),
    relation(E7, [0]),
    relation(E8, [1]),
    relation(E9, [0]),
    relation(L1, [0]),
    relation(L2, [0]),
    relation(L3, [0]),
    relation(L4, [0]),
    relation(L5, [0]),
    relation(L6, [0]),
    relation(L7, [1]),
    relation(L8, [0]),
    relation(L9, [0]),
    relation(R1, [1]),
    relation(R2, [0]),
    relation(R3, [0]),
    relation(R4, [0]),
    relation(R5, [0]),
    relation(R6, [1]),
    relation(R7, [1]),
    relation(R8, [0]),
    relation(R9, [0]),
    relation(T1, [0]),
    relation(T2, [1]),
    relation(T3, [1]),
    relation(T4, [0]),
    relation(T5, [0]),
    relation(T6, [0]),
    relation(T7, [0]),
    relation(T8, [0]),
    relation(T9, [1])]).
interpretation( 2, [number = 35,seconds = 0], [
    relation(E1, [1]),
    relation(E2, [0]),
    relation(E3, [0]),
    relation(E4, [1]),
    relation(E5, [1]),
    relation(E6, [1]),
    relation(E7, [0]),
    relation(E8, [1]),
    relation(E9, [1]),
    relation(L1, [0]),
    relation(L2, [0]),
    relation(L3, [0]),
    relation(L4, [0]),
    relation(L5, [0]),
    relation(L6, [0]),
    relation(L7, [1]),
    relation(L8, [0]),
    relation(L9, [0]),
    relation(R1, [1]),
    relation(R2, [0]),
    relation(R3, [0]),
    relation(R4, [0]),
    relation(R5, [0]),
    relation(R6, [1]),
    relation(R7, [1]),
    relation(R8, [0]),
    relation(R9, [0]),
    relation(T1, [0]),
    relation(T2, [1]),
    relation(T3, [1]),
    relation(T4, [0]),
    relation(T5, [0]),
    relation(T6, [0]),
    relation(T7, [0]),
    relation(T8, [0]),
    relation(T9, [0])]).
interpretation( 2, [number = 36,seconds = 0], [
    relation(E1, [1]),
    relation(E2, [0]),
    relation(E3, [1]),
    relation(E4, [0]),
    relation(E5, [0]),
    relation(E6, [1]),
    relation(E7, [0]),
    relation(E8, [1]),
    relation(E9, [0]),
    relation(L1, [0]),
    relation(L2, [0]),
    relation(L3, [0]),
    relation(L4, [0]),
    relation(L5, [0]),
    relation(L6, [0]),
    relation(L7, [1]),
    relation(L8, [0]),
    relation(L9, [0]),
    relation(R1, [1]),
    relation(R2, [0]),
    relation(R3, [0]),
    relation(R4, [0]),
    relation(R5, [0]),
    relation(R6, [1]),
    relation(R7, [1]),
    relation(R8, [0]),
    relation(R9, [0]),
    relation(T1, [0]),
    relation(T2, [1]),
    relation(T3, [0]),
    relation(T4, [1]),
    relation(T5, [1]),
    relation(T6, [0]),
    relation(T7, [0]),
    relation(T8, [0]),
    relation(T9, [1])]).
interpretation( 2, [number = 37,seconds = 0], [
    relation(E1, [1]),
    relation(E2, [0]),
    relation(E3, [1]),
    relation(E4, [0]),
    relation(E5, [0]),
    relation(E6, [1]),
    relation(E7, [0]),
    relation(E8, [1]),
    relation(E9, [1]),
    relation(L1, [0]),
    relation(L2, [0]),
    relation(L3, [0]),
    relation(L4, [0]),
    relation(L5, [0]),
    relation(L6, [0]),
    relation(L7, [1]),
    relation(L8, [0]),
    relation(L9, [0]),
    relation(R1, [1]),
    relation(R2, [0]),
    relation(R3, [0]),
    relation(R4, [0]),
    relation(R5, [0]),
    relation(R6, [1]),
    relation(R7, [1]),
    relation(R8, [0]),
    relation(R9, [0]),
    relation(T1, [0]),
    relation(T2, [1]),
    relation(T3, [0]),
    relation(T4, [1]),
    relation(T5, [1]),
    relation(T6, [0]),
    relation(T7, [0]),
    relation(T8, [0]),
    relation(T9, [0])]).
interpretation( 2, [number = 38,seconds = 0], [
    relation(E1, [1]),
    relation(E2, [0]),
    relation(E3, [1]),
    relation(E4, [0]),
    relation(E5, [1]),
    relation(E6, [0]),
    relation(E7, [1]),
    relation(E8, [1]),
    relation(E9, [1]),
    relation(L1, [0]),
    relation(L2, [0]),
    relation(L3, [0]),
    relation(L4, [1]),
    relation(L5, [0]),
    relation(L6, [0]),
    relation(L7, [0]),
    relation(L8, [0]),
    relation(L9, [0]),
    relation(R1, [0]),
    relation(R2, [0]),
    relation(R3, [1]),
    relation(R4, [1]),
    relation(R5, [1]),
    relation(R6, [0]),
    relation(R7, [1]),
    relation(R8, [0]),
    relation(R9, [0]),
    relation(T1, [0]),
    relation(T2, [1]),
    relation(T3, [0]),
    relation(T4, [0]),
    relation(T5, [0]),
    relation(T6, [1]),
    relation(T7, [0]),
    relation(T8, [0]),
    relation(T9, [0])]).
interpretation( 2, [number = 39,seconds = 0], [
    relation(E1, [1]),
    relation(E2, [0]),
    relation(E3, [1]),
    relation(E4, [0]),
    relation(E5, [1]),
    relation(E6, [1]),
    relation(E7, [0]),
    relation(E8, [1]),
    relation(E9, [0]),
    relation(L1, [0]),
    relation(L2, [0]),
    relation(L3, [0]),
    relation(L4, [0]),
    relation(L5, [0]),
    relation(L6, [0]),
    relation(L7, [1]),
    relation(L8, [0]),
    relation(L9, [0]),
    relation(R1, [1]),
    relation(R2, [0]),
    relation(R3, [0]),
    relation(R4, [0]),
    relation(R5, [0]),
    relation(R6, [1]),
    relation(R7, [1]),
    relation(R8, [0]),
    relation(R9, [0]),
    relation(T1, [0]),
    relation(T2, [1]),
    relation(T3, [0]),
    relation(T4, [1]),
    relation(T5, [0]),
    relation(T6, [0]),
    relation(T7, [0]),
    relation(T8, [0]),
    relation(T9, [1])]).
interpretation( 2, [number = 40,seconds = 0], [
    relation(E1, [1]),
    relation(E2, [0]),
    relation(E3, [1]),
    relation(E4, [0]),
    relation(E5, [1]),
    relation(E6, [1]),
    relation(E7, [0]),
    relation(E8, [1]),
    relation(E9, [1]),
    relation(L1, [0]),
    relation(L2, [0]),
    relation(L3, [0]),
    relation(L4, [0]),
    relation(L5, [0]),
    relation(L6, [0]),
    relation(L7, [1]),
    relation(L8, [0]),
    relation(L9, [0]),
    relation(R1, [1]),
    relation(R2, [0]),
    relation(R3, [0]),
    relation(R4, [0]),
    relation(R5, [0]),
    relation(R6, [1]),
    relation(R7, [1]),
    relation(R8, [0]),
    relation(R9, [0]),
    relation(T1, [0]),
    relation(T2, [1]),
    relation(T3, [0]),
    relation(T4, [1]),
    relation(T5, [0]),
    relation(T6, [0]),
    relation(T7, [0]),
    relation(T8, [0]),
    relation(T9, [0])]).
interpretation( 2, [number = 41,seconds = 0], [
    relation(E1, [1]),
    relation(E2, [0]),
    relation(E3, [1]),
    relation(E4, [0]),
    relation(E5, [1]),
    relation(E6, [1]),
    relation(E7, [1]),
    relation(E8, [1]),
    relation(E9, [1]),
    relation(L1, [0]),
    relation(L2, [0]),
    relation(L3, [0]),
    relation(L4, [1]),
    relation(L5, [0]),
    relation(L6, [0]),
    relation(L7, [0]),
    relation(L8, [0]),
    relation(L9, [0]),
    relation(R1, [0]),
    relation(R2, [0]),
    relation(R3, [1]),
    relation(R4, [1]),
    relation(R5, [1]),
    relation(R6, [0]),
    relation(R7, [1]),
    relation(R8, [0]),
    relation(R9, [0]),
    relation(T1, [0]),
    relation(T2, [1]),
    relation(T3, [0]),
    relation(T4, [0]),
    relation(T5, [0]),
    relation(T6, [0]),
    relation(T7, [0]),
    relation(T8, [0]),
    relation(T9, [0])]).
interpretation( 2, [number = 42,seconds = 0], [
    relation(E1, [1]),
    relation(E2, [0]),
    relation(E3, [1]),
    relation(E4, [1]),
    relation(E5, [0]),
    relation(E6, [1]),
    relation(E7, [0]),
    relation(E8, [1]),
    relation(E9, [0]),
    relation(L1, [0]),
    relation(L2, [0]),
    relation(L3, [0]),
    relation(L4, [0]),
    relation(L5, [0]),
    relation(L6, [0]),
    relation(L7, [1]),
    relation(L8, [0]),
    relation(L9, [0]),
    relation(R1, [1]),
    relation(R2, [0]),
    relation(R3, [0]),
    relation(R4, [0]),
    relation(R5, [0]),
    relation(R6, [1]),
    relation(R7, [1]),
    relation(R8, [0]),
    relation(R9, [0]),
    relation(T1, [0]),
    relation(T2, [1]),
    relation(T3, [0]),
    relation(T4, [0]),
    relation(T5, [1]),
    relation(T6, [0]),
    relation(T7, [0]),
    relation(T8, [0]),
    relation(T9, [1])]).
interpretation( 2, [number = 43,seconds = 0], [
    relation(E1, [1]),
    relation(E2, [0]),
    relation(E3, [1]),
    relation(E4, [1]),
    relation(E5, [0]),
    relation(E6, [1]),
    relation(E7, [0]),
    relation(E8, [1]),
    relation(E9, [1]),
    relation(L1, [0]),
    relation(L2, [0]),
    relation(L3, [0]),
    relation(L4, [0]),
    relation(L5, [0]),
    relation(L6, [0]),
    relation(L7, [1]),
    relation(L8, [0]),
    relation(L9, [0]),
    relation(R1, [1]),
    relation(R2, [0]),
    relation(R3, [0]),
    relation(R4, [0]),
    relation(R5, [0]),
    relation(R6, [1]),
    relation(R7, [1]),
    relation(R8, [0]),
    relation(R9, [0]),
    relation(T1, [0]),
    relation(T2, [1]),
    relation(T3, [0]),
    relation(T4, [0]),
    relation(T5, [1]),
    relation(T6, [0]),
    relation(T7, [0]),
    relation(T8, [0]),
    relation(T9, [0])]).
interpretation( 2, [number = 44,seconds = 0], [
    relation(E1, [1]),
    relation(E2, [0]),
    relation(E3, [1]),
    relation(E4, [1]),
    relation(E5, [1]),
    relation(E6, [1]),
    relation(E7, [0]),
    relation(E8, [1]),
    relation(E9, [0]),
    relation(L1, [0]),
    relation(L2, [0]),
    relation(L3, [0]),
    relation(L4, [0]),
    relation(L5, [0]),
    relation(L6, [0]),
    relation(L7, [1]),
    relation(L8, [0]),
    relation(L9, [0]),
    relation(R1, [1]),
    relation(R2, [0]),
    relation(R3, [0]),
    relation(R4, [0]),
    relation(R5, [0]),
    relation(R6, [1]),
    relation(R7, [1]),
    relation(R8, [0]),
    relation(R9, [0]),
    relation(T1, [0]),
    relation(T2, [1]),
    relation(T3, [0]),
    relation(T4, [0]),
    relation(T5, [0]),
    relation(T6, [0]),
    relation(T7, [0]),
    relation(T8, [0]),
    relation(T9, [1])]).
interpretation( 2, [number = 45,seconds = 0], [
    relation(E1, [1]),
    relation(E2, [0]),
    relation(E3, [1]),
    relation(E4, [1]),
    relation(E5, [1]),
    relation(E6, [1]),
    relation(E7, [0]),
    relation(E8, [1]),
    relation(E9, [1]),
    relation(L1, [0]),
    relation(L2, [0]),
    relation(L3, [0]),
    relation(L4, [0]),
    relation(L5, [0]),
    relation(L6, [0]),
    relation(L7, [1]),
    relation(L8, [0]),
    relation(L9, [0]),
    relation(R1, [1]),
    relation(R2, [0]),
    relation(R3, [0]),
    relation(R4, [0]),
    relation(R5, [0]),
    relation(R6, [1]),
    relation(R7, [1]),
    relation(R8, [0]),
    relation(R9, [0]),
    relation(T1, [0]),
    relation(T2, [1]),
    relation(T3, [0]),
    relation(T4, [0]),
    relation(T5, [0]),
    relation(T6, [0]),
    relation(T7, [0]),
    relation(T8, [0]),
    relation(T9, [0])]).
interpretation( 2, [number = 46,seconds = 0], [
    relation(E1, [1]),
    relation(E2, [1]),
    relation(E3, [0]),
    relation(E4, [0]),
    relation(E5, [1]),
    relation(E6, [0]),
    relation(E7, [1]),
    relation(E8, [1]),
    relation(E9, [1]),
    relation(L1, [0]),
    relation(L2, [0]),
    relation(L3, [1]),
    relation(L4, [0]),
    relation(L5, [0]),
    relation(L6, [0]),
    relation(L7, [0]),
    relation(L8, [0]),
    relation(L9, [0]),
    relation(R1, [1]),
    relation(R2, [1]),
    relation(R3, [1]),
    relation(R4, [0]),
    relation(R5, [1]),
    relation(R6, [0]),
    relation(R7, [1]),
    relation(R8, [0]),
    relation(R9, [0]),
    relation(T1, [0]),
    relation(T2, [0]),
    relation(T3, [0]),
    relation(T4, [1]),
    relation(T5, [0]),
    relation(T6, [1]),
    relation(T7, [0]),
    relation(T8, [0]),
    relation(T9, [0])]).
interpretation( 2, [number = 47,seconds = 0], [
    relation(E1, [1]),
    relation(E2, [1]),
    relation(E3, [0]),
    relation(E4, [0]),
    relation(E5, [1]),
    relation(E6, [1]),
    relation(E7, [1]),
    relation(E8, [1]),
    relation(E9, [1]),
    relation(L1, [0]),
    relation(L2, [0]),
    relation(L3, [1]),
    relation(L4, [0]),
    relation(L5, [0]),
    relation(L6, [0]),
    relation(L7, [0]),
    relation(L8, [0]),
    relation(L9, [0]),
    relation(R1, [1]),
    relation(R2, [1]),
    relation(R3, [1]),
    relation(R4, [0]),
    relation(R5, [1]),
    relation(R6, [0]),
    relation(R7, [1]),
    relation(R8, [0]),
    relation(R9, [0]),
    relation(T1, [0]),
    relation(T2, [0]),
    relation(T3, [0]),
    relation(T4, [1]),
    relation(T5, [0]),
    relation(T6, [0]),
    relation(T7, [0]),
    relation(T8, [0]),
    relation(T9, [0])]).
interpretation( 2, [number = 48,seconds = 0], [
    relation(E1, [1]),
    relation(E2, [1]),
    relation(E3, [0]),
    relation(E4, [1]),
    relation(E5, [1]),
    relation(E6, [0]),
    relation(E7, [1]),
    relation(E8, [1]),
    relation(E9, [1]),
    relation(L1, [0]),
    relation(L2, [0]),
    relation(L3, [1]),
    relation(L4, [0]),
    relation(L5, [0]),
    relation(L6, [0]),
    relation(L7, [0]),
    relation(L8, [0]),
    relation(L9, [0]),
    relation(R1, [1]),
    relation(R2, [1]),
    relation(R3, [1]),
    relation(R4, [0]),
    relation(R5, [1]),
    relation(R6, [0]),
    relation(R7, [1]),
    relation(R8, [0]),
    relation(R9, [0]),
    relation(T1, [0]),
    relation(T2, [0]),
    relation(T3, [0]),
    relation(T4, [0]),
    relation(T5, [0]),
    relation(T6, [1]),
    relation(T7, [0]),
    relation(T8, [0]),
    relation(T9, [0])]).
interpretation( 2, [number = 49,seconds = 0], [
    relation(E1, [1]),
    relation(E2, [1]),
    relation(E3, [1]),
    relation(E4, [0]),
    relation(E5, [0]),
    relation(E6, [0]),
    relation(E7, [1]),
    relation(E8, [1]),
    relation(E9, [1]),
    relation(L1, [0]),
    relation(L2, [0]),
    relation(L3, [0]),
    relation(L4, [0]),
    relation(L5, [1]),
    relation(L6, [0]),
    relation(L7, [0]),
    relation(L8, [0]),
    relation(L9, [0]),
    relation(R1, [1]),
    relation(R2, [1]),
    relation(R3, [1]),
    relation(R4, [0]),
    relation(R5, [1]),
    relation(R6, [0]),
    relation(R7, [1]),
    relation(R8, [0]),
    relation(R9, [0]),
    relation(T1, [0]),
    relation(T2, [0]),
    relation(T3, [0]),
    relation(T4, [1]),
    relation(T5, [0]),
    relation(T6, [1]),
    relation(T7, [0]),
    relation(T8, [0]),
    relation(T9, [0])]).
interpretation( 2, [number = 50,seconds = 0], [
    relation(E1, [1]),
    relation(E2, [1]),
    relation(E3, [1]),
    relation(E4, [0]),
    relation(E5, [0]),
    relation(E6, [1]),
    relation(E7, [1]),
    relation(E8, [1]),
    relation(E9, [1]),
    relation(L1, [0]),
    relation(L2, [0]),
    relation(L3, [0]),
    relation(L4, [0]),
    relation(L5, [1]),
    relation(L6, [0]),
    relation(L7, [0]),
    relation(L8, [0]),
    relation(L9, [0]),
    relation(R1, [1]),
    relation(R2, [1]),
    relation(R3, [1]),
    relation(R4, [0]),
    relation(R5, [1]),
    relation(R6, [0]),
    relation(R7, [1]),
    relation(R8, [0]),
    relation(R9, [0]),
    relation(T1, [0]),
    relation(T2, [0]),
    relation(T3, [0]),
    relation(T4, [1]),
    relation(T5, [0]),
    relation(T6, [0]),
    relation(T7, [0]),
    relation(T8, [0]),
    relation(T9, [0])]).
interpretation( 2, [number = 51,seconds = 0], [
    relation(E1, [1]),
    relation(E2, [1]),
    relation(E3, [1]),
    relation(E4, [0]),
    relation(E5, [1]),
    relation(E6, [0]),
    relation(E7, [0]),
    relation(E8, [1]),
    relation(E9, [1]),
    relation(L1, [0]),
    relation(L2, [0]),
    relation(L3, [0]),
    relation(L4, [0]),
    relation(L5, [0]),
    relation(L6, [0]),
    relation(L7, [1]),
    relation(L8, [0]),
    relation(L9, [0]),
    relation(R1, [1]),
    relation(R2, [1]),
    relation(R3, [1]),
    relation(R4, [0]),
    relation(R5, [1]),
    relation(R6, [0]),
    relation(R7, [1]),
    relation(R8, [0]),
    relation(R9, [0]),
    relation(T1, [0]),
    relation(T2, [0]),
    relation(T3, [0]),
    relation(T4, [1]),
    relation(T5, [0]),
    relation(T6, [1]),
    relation(T7, [0]),
    relation(T8, [0]),
    relation(T9, [0])]).
interpretation( 2, [number = 52,seconds = 0], [
    relation(E1, [1]),
    relation(E2, [1]),
    relation(E3, [1]),
    relation(E4, [0]),
    relation(E5, [1]),
    relation(E6, [0]),
    relation(E7, [1]),
    relation(E8, [1]),
    relation(E9, [1]),
    relation(L1, [0]),
    relation(L2, [0]),
    relation(L3, [0]),
    relation(L4, [1]),
    relation(L5, [0]),
    relation(L6, [0]),
    relation(L7, [0]),
    relation(L8, [0]),
    relation(L9, [0]),
    relation(R1, [0]),
    relation(R2, [1]),
    relation(R3, [1]),
    relation(R4, [1]),
    relation(R5, [1]),
    relation(R6, [0]),
    relation(R7, [1]),
    relation(R8, [0]),
    relation(R9, [0]),
    relation(T1, [0]),
    relation(T2, [0]),
    relation(T3, [0]),
    relation(T4, [0]),
    relation(T5, [0]),
    relation(T6, [1]),
    relation(T7, [0]),
    relation(T8, [0]),
    relation(T9, [0])]).
interpretation( 2, [number = 53,seconds = 0], [
    relation(E1, [1]),
    relation(E2, [1]),
    relation(E3, [1]),
    relation(E4, [0]),
    relation(E5, [1]),
    relation(E6, [1]),
    relation(E7, [0]),
    relation(E8, [1]),
    relation(E9, [1]),
    relation(L1, [0]),
    relation(L2, [0]),
    relation(L3, [0]),
    relation(L4, [0]),
    relation(L5, [0]),
    relation(L6, [0]),
    relation(L7, [1]),
    relation(L8, [0]),
    relation(L9, [0]),
    relation(R1, [1]),
    relation(R2, [1]),
    relation(R3, [1]),
    relation(R4, [0]),
    relation(R5, [1]),
    relation(R6, [0]),
    relation(R7, [1]),
    relation(R8, [0]),
    relation(R9, [0]),
    relation(T1, [0]),
    relation(T2, [0]),
    relation(T3, [0]),
    relation(T4, [1]),
    relation(T5, [0]),
    relation(T6, [0]),
    relation(T7, [0]),
    relation(T8, [0]),
    relation(T9, [0])]).
interpretation( 2, [number = 54,seconds = 0], [
    relation(E1, [1]),
    relation(E2, [1]),
    relation(E3, [1]),
    relation(E4, [1]),
    relation(E5, [0]),
    relation(E6, [0]),
    relation(E7, [1]),
    relation(E8, [1]),
    relation(E9, [1]),
    relation(L1, [0]),
    relation(L2, [0]),
    relation(L3, [0]),
    relation(L4, [0]),
    relation(L5, [1]),
    relation(L6, [0]),
    relation(L7, [0]),
    relation(L8, [0]),
    relation(L9, [0]),
    relation(R1, [1]),
    relation(R2, [1]),
    relation(R3, [1]),
    relation(R4, [0]),
    relation(R5, [1]),
    relation(R6, [0]),
    relation(R7, [1]),
    relation(R8, [0]),
    relation(R9, [0]),
    relation(T1, [0]),
    relation(T2, [0]),
    relation(T3, [0]),
    relation(T4, [0]),
    relation(T5, [0]),
    relation(T6, [1]),
    relation(T7, [0]),
    relation(T8, [0]),
    relation(T9, [0])]).
interpretation( 2, [number = 55,seconds = 0], [
    relation(E1, [1]),
    relation(E2, [1]),
    relation(E3, [1]),
    relation(E4, [1]),
    relation(E5, [1]),
    relation(E6, [0]),
    relation(E7, [0]),
    relation(E8, [1]),
    relation(E9, [1]),
    relation(L1, [0]),
    relation(L2, [0]),
    relation(L3, [0]),
    relation(L4, [0]),
    relation(L5, [0]),
    relation(L6, [0]),
    relation(L7, [1]),
    relation(L8, [0]),
    relation(L9, [0]),
    relation(R1, [1]),
    relation(R2, [1]),
    relation(R3, [1]),
    relation(R4, [0]),
    relation(R5, [1]),
    relation(R6, [0]),
    relation(R7, [1]),
    relation(R8, [0]),
    relation(R9, [0]),
    relation(T1, [0]),
    relation(T2, [0]),
    relation(T3, [0]),
    relation(T4, [0]),
    relation(T5, [0]),
    relation(T6, [1]),
    relation(T7, [0]),
    relation(T8, [0]),
    relation(T9, [0])]).
