interpretation( 2, [number = 1,seconds = 0], [
    relation(L1, [0]),
    relation(Lucy_human, [0]),
    relation(Lucy_insane_human, [0]),
    relation(Lucy_insane_vampire, [0]),
    relation(Lucy_sane_human, [0]),
    relation(Lucy_sane_vampire, [1]),
    relation(Lucy_vampire, [1]),
    relation(M1, [1]),
    relation(Minna_human, [1]),
    relation(Minna_insane_human, [0]),
    relation(Minna_insane_vampire, [0]),
    relation(Minna_sane_human, [1]),
    relation(Minna_sane_vampire, [0]),
    relation(Minna_vampire, [0])]).
interpretation( 2, [number = 2,seconds = 0], [
    relation(L1, [1]),
    relation(Lucy_human, [0]),
    relation(Lucy_insane_human, [0]),
    relation(Lucy_insane_vampire, [1]),
    relation(Lucy_sane_human, [0]),
    relation(Lucy_sane_vampire, [0]),
    relation(Lucy_vampire, [1]),
    relation(M1, [0]),
    relation(Minna_human, [1]),
    relation(Minna_insane_human, [1]),
    relation(Minna_insane_vampire, [0]),
    relation(Minna_sane_human, [0]),
    relation(Minna_sane_vampire, [0]),
    relation(Minna_vampire, [0])]).
